<?xml version="1.0" encoding="UTF-8"?>
<!-- Generated by org.testng.reporters.JUnitReportReporter -->
<testsuite hostname="DESKTOP-MC7UQM0" failures="0" tests="2" name="test.sampleTest" time="4.933" errors="0" timestamp="09 Mar 2023 10:41:26 GMT" skipped="0">
  <testcase classname="test.sampleTest" name="listAllLabels" time="0.130"/>
  <testcase classname="test.sampleTest" name="browserLaunch" time="4.803"/>
</testsuite> <!-- test.sampleTest -->
