<?xml version="1.0" encoding="UTF-8"?>
<!-- Generated by org.testng.reporters.JUnitReportReporter -->
<testsuite hostname="DESKTOP-MC7UQM0" failures="0" tests="2" name="test.sampleTest" time="21.905" errors="0" timestamp="06 Mar 2023 14:18:37 GMT" skipped="0">
  <testcase classname="test.sampleTest" name="listAllLabels" time="0.123"/>
  <testcase classname="test.sampleTest" name="browserLaunch" time="21.782"/>
</testsuite> <!-- test.sampleTest -->
