<?xml version="1.0" encoding="UTF-8"?>
<!-- Generated by org.testng.reporters.JUnitReportReporter -->
<testsuite hostname="DESKTOP-MC7UQM0" failures="0" tests="1" name="test.sampleTest" time="0.136" errors="0" timestamp="13 Mar 2023 13:25:13 GMT" skipped="0">
  <testcase classname="test.sampleTest" name="listAllLabels" time="0.136"/>
</testsuite> <!-- test.sampleTest -->
