<?xml version="1.0" encoding="UTF-8"?>
<!-- Generated by org.testng.reporters.JUnitReportReporter -->
<testsuite hostname="DESKTOP-MC7UQM0" failures="0" tests="2" name="test.sampleTest" time="4.700" errors="0" timestamp="07 Mar 2023 09:12:03 GMT" skipped="0">
  <testcase classname="test.sampleTest" name="listAllLabels" time="0.135"/>
  <testcase classname="test.sampleTest" name="browserLaunch" time="4.565"/>
</testsuite> <!-- test.sampleTest -->
